2022-10-21 14:46:16,210 INFO com.rvbb.food.template.CifServiceTest [Test worker] Starting CifServiceTest using Java 18.0.2 on VN_LV00202-N with PID 62817 (started by nguyenvanhoang in /Users/nguyenvanhoang/code/learn/template-service-3.0)
2022-10-21 14:46:16,210 DEBUG com.rvbb.food.template.CifServiceTest [Test worker] Running with Spring Boot v3.0.0-M5, Spring v6.0.0-M6
2022-10-21 14:46:16,211 INFO com.rvbb.food.template.CifServiceTest [Test worker] No active profile set, falling back to 1 default profile: "default"
2022-10-21 14:46:19,510 INFO com.rvbb.food.template.CifServiceTest [Test worker] Starting CifServiceTest using Java 18.0.2 on VN_LV00202-N with PID 62817 (started by nguyenvanhoang in /Users/nguyenvanhoang/code/learn/template-service-3.0)
2022-10-21 14:46:19,511 DEBUG com.rvbb.food.template.CifServiceTest [Test worker] Running with Spring Boot v3.0.0-M5, Spring v6.0.0-M6
2022-10-21 14:46:19,511 INFO com.rvbb.food.template.CifServiceTest [Test worker] No active profile set, falling back to 1 default profile: "default"
2022-10-21 14:46:21,089 INFO com.rvbb.food.template.CifServiceTest [Test worker] Starting CifServiceTest using Java 18.0.2 on VN_LV00202-N with PID 62817 (started by nguyenvanhoang in /Users/nguyenvanhoang/code/learn/template-service-3.0)
2022-10-21 14:46:21,090 DEBUG com.rvbb.food.template.CifServiceTest [Test worker] Running with Spring Boot v3.0.0-M5, Spring v6.0.0-M6
2022-10-21 14:46:21,090 INFO com.rvbb.food.template.CifServiceTest [Test worker] No active profile set, falling back to 1 default profile: "default"
2022-10-21 14:46:22,654 INFO com.rvbb.food.template.CifServiceTest [Test worker] Starting CifServiceTest using Java 18.0.2 on VN_LV00202-N with PID 62817 (started by nguyenvanhoang in /Users/nguyenvanhoang/code/learn/template-service-3.0)
2022-10-21 14:46:22,655 DEBUG com.rvbb.food.template.CifServiceTest [Test worker] Running with Spring Boot v3.0.0-M5, Spring v6.0.0-M6
2022-10-21 14:46:22,655 INFO com.rvbb.food.template.CifServiceTest [Test worker] No active profile set, falling back to 1 default profile: "default"
2022-10-21 14:51:04,754 INFO com.rvbb.food.template.CifServiceTest [Test worker] Starting CifServiceTest using Java 18.0.2 on VN_LV00202-N with PID 63341 (started by nguyenvanhoang in /Users/nguyenvanhoang/code/learn/template-service-3.0)
2022-10-21 14:51:04,755 DEBUG com.rvbb.food.template.CifServiceTest [Test worker] Running with Spring Boot v3.0.0-M5, Spring v6.0.0-M6
2022-10-21 14:51:04,756 INFO com.rvbb.food.template.CifServiceTest [Test worker] No active profile set, falling back to 1 default profile: "default"
2022-10-21 14:51:10,269 INFO com.rvbb.food.template.CifServiceTest [Test worker] Started CifServiceTest in 5.95 seconds (process running for 7.25)
2022-10-21 14:51:10,435 INFO com.rvbb.food.template.config.LoggerConfig [Test worker] API = http://localhost:80
2022-10-21 14:51:10,444 DEBUG com.rvbb.food.template.service.adapter.CifClient [Test worker] [CifClient#getCif] ---> GET http://localhost:20210/customer/cif?base=not%20existence HTTP/1.1
2022-10-21 14:51:10,445 DEBUG com.rvbb.food.template.service.adapter.CifClient [Test worker] [CifClient#getCif] Content-Type: application/json
2022-10-21 14:51:10,445 DEBUG com.rvbb.food.template.service.adapter.CifClient [Test worker] [CifClient#getCif] ---> END HTTP (0-byte body)
2022-10-21 14:51:10,584 DEBUG com.rvbb.food.template.service.adapter.CifClient [Test worker] [CifClient#getCif] <--- HTTP/1.1 200 OK (137ms)
2022-10-21 14:51:10,584 DEBUG com.rvbb.food.template.service.adapter.CifClient [Test worker] [CifClient#getCif] cache-control: no-cache, no-store, max-age=0, must-revalidate
2022-10-21 14:51:10,584 DEBUG com.rvbb.food.template.service.adapter.CifClient [Test worker] [CifClient#getCif] connection: close
2022-10-21 14:51:10,585 DEBUG com.rvbb.food.template.service.adapter.CifClient [Test worker] [CifClient#getCif] content-type: application/json;charset=UTF-8
2022-10-21 14:51:10,585 DEBUG com.rvbb.food.template.service.adapter.CifClient [Test worker] [CifClient#getCif] date: Sun, 14 Apr 2019 14:44:10 GMT
2022-10-21 14:51:10,585 DEBUG com.rvbb.food.template.service.adapter.CifClient [Test worker] [CifClient#getCif] expires: 0
2022-10-21 14:51:10,586 DEBUG com.rvbb.food.template.service.adapter.CifClient [Test worker] [CifClient#getCif] pragma: no-cache
2022-10-21 14:51:10,586 DEBUG com.rvbb.food.template.service.adapter.CifClient [Test worker] [CifClient#getCif] transfer-encoding: chunked
2022-10-21 14:51:10,586 DEBUG com.rvbb.food.template.service.adapter.CifClient [Test worker] [CifClient#getCif] x-content-type-options: nosniff
2022-10-21 14:51:10,586 DEBUG com.rvbb.food.template.service.adapter.CifClient [Test worker] [CifClient#getCif] x-frame-options: DENY
2022-10-21 14:51:10,587 DEBUG com.rvbb.food.template.service.adapter.CifClient [Test worker] [CifClient#getCif] x-xss-protection: 1; mode=block
2022-10-21 14:51:10,587 DEBUG com.rvbb.food.template.service.adapter.CifClient [Test worker] [CifClient#getCif] 
2022-10-21 14:51:10,588 DEBUG com.rvbb.food.template.service.adapter.CifClient [Test worker] [CifClient#getCif] []
2022-10-21 14:51:10,589 DEBUG com.rvbb.food.template.service.adapter.CifClient [Test worker] [CifClient#getCif] <--- END HTTP (2-byte body)
2022-10-21 14:51:10,660 INFO com.rvbb.food.template.config.LoggerConfig [Test worker] API = http://localhost:80
2022-10-21 14:51:10,661 DEBUG com.rvbb.food.template.service.adapter.CifClient [Test worker] [CifClient#getCif] ---> GET http://localhost:20210/customer/cif?base=Users HTTP/1.1
2022-10-21 14:51:10,662 DEBUG com.rvbb.food.template.service.adapter.CifClient [Test worker] [CifClient#getCif] Content-Type: application/json
2022-10-21 14:51:10,662 DEBUG com.rvbb.food.template.service.adapter.CifClient [Test worker] [CifClient#getCif] ---> END HTTP (0-byte body)
2022-10-21 14:51:10,795 DEBUG com.rvbb.food.template.service.adapter.CifClient [Test worker] [CifClient#getCif] <--- HTTP/1.1 200 OK (132ms)
2022-10-21 14:51:10,796 DEBUG com.rvbb.food.template.service.adapter.CifClient [Test worker] [CifClient#getCif] cache-control: no-cache, no-store, max-age=0, must-revalidate
2022-10-21 14:51:10,796 DEBUG com.rvbb.food.template.service.adapter.CifClient [Test worker] [CifClient#getCif] connection: close
2022-10-21 14:51:10,796 DEBUG com.rvbb.food.template.service.adapter.CifClient [Test worker] [CifClient#getCif] content-type: application/json;charset=UTF-8
2022-10-21 14:51:10,797 DEBUG com.rvbb.food.template.service.adapter.CifClient [Test worker] [CifClient#getCif] date: Sun, 14 Apr 2019 14:44:10 GMT
2022-10-21 14:51:10,797 DEBUG com.rvbb.food.template.service.adapter.CifClient [Test worker] [CifClient#getCif] expires: 0
2022-10-21 14:51:10,797 DEBUG com.rvbb.food.template.service.adapter.CifClient [Test worker] [CifClient#getCif] pragma: no-cache
2022-10-21 14:51:10,798 DEBUG com.rvbb.food.template.service.adapter.CifClient [Test worker] [CifClient#getCif] transfer-encoding: chunked
2022-10-21 14:51:10,798 DEBUG com.rvbb.food.template.service.adapter.CifClient [Test worker] [CifClient#getCif] x-content-type-options: nosniff
2022-10-21 14:51:10,798 DEBUG com.rvbb.food.template.service.adapter.CifClient [Test worker] [CifClient#getCif] x-frame-options: DENY
2022-10-21 14:51:10,798 DEBUG com.rvbb.food.template.service.adapter.CifClient [Test worker] [CifClient#getCif] x-xss-protection: 1; mode=block
2022-10-21 14:51:10,798 DEBUG com.rvbb.food.template.service.adapter.CifClient [Test worker] [CifClient#getCif] 
2022-10-21 14:51:10,799 DEBUG com.rvbb.food.template.service.adapter.CifClient [Test worker] [CifClient#getCif] [
    {
        "_id": "604ee8b4a91a422bfea0dae7",
        "description": "Using credit and loan",
        "base": "User",
        "strict": true,
        "idInjection": false,
        "_class": "webflux.demo.customer.model.Cif"
    },
    {
        "_id": "604ee8b4a91a422bfea0dae8",
        "description": "Using credit and loan 2",
        "base": "User 2",
        "strict": true,
        "idInjection": false,
        "_class": "webflux.demo.customer.model.Cif"
    }
]
2022-10-21 14:51:10,799 DEBUG com.rvbb.food.template.service.adapter.CifClient [Test worker] [CifClient#getCif] <--- END HTTP (474-byte body)
2022-10-21 14:51:10,805 INFO com.rvbb.food.template.config.LoggerConfig [Test worker] API = http://localhost:80
2022-10-21 14:51:10,826 DEBUG com.rvbb.food.template.service.adapter.CifClient [Test worker] [CifClient#createNewCif] ---> POST http://localhost:20210/customer/cif HTTP/1.1
2022-10-21 14:51:10,827 DEBUG com.rvbb.food.template.service.adapter.CifClient [Test worker] [CifClient#createNewCif] Accept: application/json
2022-10-21 14:51:10,827 DEBUG com.rvbb.food.template.service.adapter.CifClient [Test worker] [CifClient#createNewCif] Content-Length: 152
2022-10-21 14:51:10,831 DEBUG com.rvbb.food.template.service.adapter.CifClient [Test worker] [CifClient#createNewCif] Content-Type: application/json
2022-10-21 14:51:10,831 DEBUG com.rvbb.food.template.service.adapter.CifClient [Test worker] [CifClient#createNewCif] 
2022-10-21 14:51:10,831 DEBUG com.rvbb.food.template.service.adapter.CifClient [Test worker] [CifClient#createNewCif] {"description":"UT create cif","base":"Test","strict":true,"idInjection":false,"bankList":[{"id":0,"bankName":"bankname Test","type":1,"created":null}]}
2022-10-21 14:51:10,832 DEBUG com.rvbb.food.template.service.adapter.CifClient [Test worker] [CifClient#createNewCif] ---> END HTTP (152-byte body)
2022-10-21 14:51:10,959 DEBUG com.rvbb.food.template.service.adapter.CifClient [Test worker] [CifClient#createNewCif] <--- HTTP/1.1 201 Created (127ms)
2022-10-21 14:51:10,960 DEBUG com.rvbb.food.template.service.adapter.CifClient [Test worker] [CifClient#createNewCif] cache-control: no-cache, no-store, max-age=0, must-revalidate
2022-10-21 14:51:10,960 DEBUG com.rvbb.food.template.service.adapter.CifClient [Test worker] [CifClient#createNewCif] connection: close
2022-10-21 14:51:10,960 DEBUG com.rvbb.food.template.service.adapter.CifClient [Test worker] [CifClient#createNewCif] content-type: application/json;charset=UTF-8
2022-10-21 14:51:10,960 DEBUG com.rvbb.food.template.service.adapter.CifClient [Test worker] [CifClient#createNewCif] date: Sun, 14 Apr 2019 14:44:10 GMT
2022-10-21 14:51:10,961 DEBUG com.rvbb.food.template.service.adapter.CifClient [Test worker] [CifClient#createNewCif] expires: 0
2022-10-21 14:51:10,961 DEBUG com.rvbb.food.template.service.adapter.CifClient [Test worker] [CifClient#createNewCif] pragma: no-cache
2022-10-21 14:51:10,961 DEBUG com.rvbb.food.template.service.adapter.CifClient [Test worker] [CifClient#createNewCif] transfer-encoding: chunked
2022-10-21 14:51:10,961 DEBUG com.rvbb.food.template.service.adapter.CifClient [Test worker] [CifClient#createNewCif] x-content-type-options: nosniff
2022-10-21 14:51:10,961 DEBUG com.rvbb.food.template.service.adapter.CifClient [Test worker] [CifClient#createNewCif] x-frame-options: DENY
2022-10-21 14:51:10,962 DEBUG com.rvbb.food.template.service.adapter.CifClient [Test worker] [CifClient#createNewCif] x-xss-protection: 1; mode=block
2022-10-21 14:51:10,962 DEBUG com.rvbb.food.template.service.adapter.CifClient [Test worker] [CifClient#createNewCif] 
2022-10-21 14:51:10,962 DEBUG com.rvbb.food.template.service.adapter.CifClient [Test worker] [CifClient#createNewCif] {
    "name": "Customer c",
    "description": "UT create cif",
    "base": "Test",
    "idInjection": false,
    "strict": true,
    "banklist": [
        {
            "bankName": "bankname Test",
            "type": 1
        }
    ]
}
2022-10-21 14:51:10,963 DEBUG com.rvbb.food.template.service.adapter.CifClient [Test worker] [CifClient#createNewCif] <--- END HTTP (238-byte body)
2022-10-21 14:51:10,969 INFO com.rvbb.food.template.config.LoggerConfig [Test worker] API = http://localhost:80
2022-10-21 14:51:10,970 DEBUG com.rvbb.food.template.service.adapter.CifClient [Test worker] [CifClient#getCif] ---> GET http://localhost:20210/customer/cif?base=VCB HTTP/1.1
2022-10-21 14:51:10,970 DEBUG com.rvbb.food.template.service.adapter.CifClient [Test worker] [CifClient#getCif] Content-Type: application/json
2022-10-21 14:51:10,970 DEBUG com.rvbb.food.template.service.adapter.CifClient [Test worker] [CifClient#getCif] ---> END HTTP (0-byte body)
2022-10-21 14:51:11,101 DEBUG com.rvbb.food.template.service.adapter.CifClient [Test worker] [CifClient#getCif] <--- HTTP/1.1 200 OK (130ms)
2022-10-21 14:51:11,101 DEBUG com.rvbb.food.template.service.adapter.CifClient [Test worker] [CifClient#getCif] cache-control: no-cache, no-store, max-age=0, must-revalidate
2022-10-21 14:51:11,102 DEBUG com.rvbb.food.template.service.adapter.CifClient [Test worker] [CifClient#getCif] connection: close
2022-10-21 14:51:11,102 DEBUG com.rvbb.food.template.service.adapter.CifClient [Test worker] [CifClient#getCif] content-type: application/json;charset=UTF-8
2022-10-21 14:51:11,102 DEBUG com.rvbb.food.template.service.adapter.CifClient [Test worker] [CifClient#getCif] date: Sun, 14 Apr 2019 14:44:10 GMT
2022-10-21 14:51:11,102 DEBUG com.rvbb.food.template.service.adapter.CifClient [Test worker] [CifClient#getCif] expires: 0
2022-10-21 14:51:11,102 DEBUG com.rvbb.food.template.service.adapter.CifClient [Test worker] [CifClient#getCif] pragma: no-cache
2022-10-21 14:51:11,103 DEBUG com.rvbb.food.template.service.adapter.CifClient [Test worker] [CifClient#getCif] transfer-encoding: chunked
2022-10-21 14:51:11,103 DEBUG com.rvbb.food.template.service.adapter.CifClient [Test worker] [CifClient#getCif] x-content-type-options: nosniff
2022-10-21 14:51:11,103 DEBUG com.rvbb.food.template.service.adapter.CifClient [Test worker] [CifClient#getCif] x-frame-options: DENY
2022-10-21 14:51:11,103 DEBUG com.rvbb.food.template.service.adapter.CifClient [Test worker] [CifClient#getCif] x-xss-protection: 1; mode=block
2022-10-21 14:51:11,103 DEBUG com.rvbb.food.template.service.adapter.CifClient [Test worker] [CifClient#getCif] 
2022-10-21 14:51:11,103 DEBUG com.rvbb.food.template.service.adapter.CifClient [Test worker] [CifClient#getCif] [
    {
        "_id": "604ee8b4a91a422bfea0dae9",
        "description": "VCB Test get once",
        "base": "VCB",
        "strict": true,
        "idInjection": false,
        "_class": "webflux.demo.customer.model.Cif"
    }
]
2022-10-21 14:51:11,104 DEBUG com.rvbb.food.template.service.adapter.CifClient [Test worker] [CifClient#getCif] <--- END HTTP (231-byte body)
